<?xml version="1.0" encoding="UTF-8"?>
<!-- Generated by org.testng.reporters.JUnitXMLReporter -->
<testsuite hostname="LAPTOP-1J85D07A" ignored="0" name="Default test" tests="3" failures="0" timestamp="02 Dec 2019 02:59:02 GMT" time="38.902" errors="0">
  <testcase name="testverifyTitle" time="0.016" classname="com.acti.Testcases.Tc01_Login"/>
  <testcase name="testVerifyLogoDisplayed" time="0.107" classname="com.acti.Testcases.Tc01_Login"/>
  <testcase name="testValidateLoginFunction" time="2.269" classname="com.acti.Testcases.Tc01_Login"/>
</testsuite> <!-- Default test -->
